<?xml version="1.0" encoding="UTF-8"?>
<!-- Generated by org.testng.reporters.JUnitReportReporter -->
<testsuite skipped="0" hostname="44307da8075b" name="com.samsoft.search.module.test.SearchTest" tests="2" failures="0" timestamp="2020-09-15T12:05:37 GMT" time="13.958" errors="0">
  <testcase name="search" time="7.355" classname="com.samsoft.search.module.test.SearchTest"/>
  <system-out/>
  <testcase name="search" time="6.603" classname="com.samsoft.search.module.test.SearchTest"/>
  <system-out/>
</testsuite> <!-- com.samsoft.search.module.test.SearchTest -->
